
**** Build of configuration Debug for project ece3849_lab0_starter ****

"C:\\ti\\ccs930\\ccs\\utils\\bin\\gmake" -k -j 8 all -O 
 
Building file: "../sysctl_pll.c"
Invoking: ARM Compiler
"C:/ti/ccs930/ccs/tools/compiler/ti-cgt-arm_18.12.4.LTS/bin/armcl" -mv7M4 --code_state=16 --float_support=FPv4SPD16 -me -O1 --opt_for_speed=3 --include_path="C:/Users/johnm/realtime_embedded/ece3849_lab0_starter" --include_path="C:/ti/tirtos_tivac_2_16_01_14/products/TivaWare_C_Series-2.1.1.71b" --include_path="C:/ti/ccs930/ccs/tools/compiler/ti-cgt-arm_18.12.4.LTS/include" --define=ccs="ccs" --define=PART_TM4C1294NCPDT -g --gcc --diag_warning=225 --diag_wrap=off --display_error_number --abi=eabi --preproc_with_compile --preproc_dependency="sysctl_pll.d_raw"  "../sysctl_pll.c"
Finished building: "../sysctl_pll.c"
 
Building file: "../tm4c1294ncpdt_startup_ccs.c"
Invoking: ARM Compiler
"C:/ti/ccs930/ccs/tools/compiler/ti-cgt-arm_18.12.4.LTS/bin/armcl" -mv7M4 --code_state=16 --float_support=FPv4SPD16 -me -O1 --opt_for_speed=3 --include_path="C:/Users/johnm/realtime_embedded/ece3849_lab0_starter" --include_path="C:/ti/tirtos_tivac_2_16_01_14/products/TivaWare_C_Series-2.1.1.71b" --include_path="C:/ti/ccs930/ccs/tools/compiler/ti-cgt-arm_18.12.4.LTS/include" --define=ccs="ccs" --define=PART_TM4C1294NCPDT -g --gcc --diag_warning=225 --diag_wrap=off --display_error_number --abi=eabi --preproc_with_compile --preproc_dependency="tm4c1294ncpdt_startup_ccs.d_raw"  "../tm4c1294ncpdt_startup_ccs.c"
Finished building: "../tm4c1294ncpdt_startup_ccs.c"
 
Building file: "../buttons.c"
Invoking: ARM Compiler
"C:/ti/ccs930/ccs/tools/compiler/ti-cgt-arm_18.12.4.LTS/bin/armcl" -mv7M4 --code_state=16 --float_support=FPv4SPD16 -me -O1 --opt_for_speed=3 --include_path="C:/Users/johnm/realtime_embedded/ece3849_lab0_starter" --include_path="C:/ti/tirtos_tivac_2_16_01_14/products/TivaWare_C_Series-2.1.1.71b" --include_path="C:/ti/ccs930/ccs/tools/compiler/ti-cgt-arm_18.12.4.LTS/include" --define=ccs="ccs" --define=PART_TM4C1294NCPDT -g --gcc --diag_warning=225 --diag_wrap=off --display_error_number --abi=eabi --preproc_with_compile --preproc_dependency="buttons.d_raw"  "../buttons.c"
Finished building: "../buttons.c"
 
Building file: "../HAL_EK_TM4C1294XL_Crystalfontz128x128_ST7735.c"
Invoking: ARM Compiler
"C:/ti/ccs930/ccs/tools/compiler/ti-cgt-arm_18.12.4.LTS/bin/armcl" -mv7M4 --code_state=16 --float_support=FPv4SPD16 -me -O1 --opt_for_speed=3 --include_path="C:/Users/johnm/realtime_embedded/ece3849_lab0_starter" --include_path="C:/ti/tirtos_tivac_2_16_01_14/products/TivaWare_C_Series-2.1.1.71b" --include_path="C:/ti/ccs930/ccs/tools/compiler/ti-cgt-arm_18.12.4.LTS/include" --define=ccs="ccs" --define=PART_TM4C1294NCPDT -g --gcc --diag_warning=225 --diag_wrap=off --display_error_number --abi=eabi --preproc_with_compile --preproc_dependency="HAL_EK_TM4C1294XL_Crystalfontz128x128_ST7735.d_raw"  "../HAL_EK_TM4C1294XL_Crystalfontz128x128_ST7735.c"
Finished building: "../HAL_EK_TM4C1294XL_Crystalfontz128x128_ST7735.c"
 
Building file: "../main.c"
Invoking: ARM Compiler
"C:/ti/ccs930/ccs/tools/compiler/ti-cgt-arm_18.12.4.LTS/bin/armcl" -mv7M4 --code_state=16 --float_support=FPv4SPD16 -me -O1 --opt_for_speed=3 --include_path="C:/Users/johnm/realtime_embedded/ece3849_lab0_starter" --include_path="C:/ti/tirtos_tivac_2_16_01_14/products/TivaWare_C_Series-2.1.1.71b" --include_path="C:/ti/ccs930/ccs/tools/compiler/ti-cgt-arm_18.12.4.LTS/include" --define=ccs="ccs" --define=PART_TM4C1294NCPDT -g --gcc --diag_warning=225 --diag_wrap=off --display_error_number --abi=eabi --preproc_with_compile --preproc_dependency="main.d_raw"  "../main.c"
Finished building: "../main.c"
 
Building file: "../Crystalfontz128x128_ST7735.c"
Invoking: ARM Compiler
"C:/ti/ccs930/ccs/tools/compiler/ti-cgt-arm_18.12.4.LTS/bin/armcl" -mv7M4 --code_state=16 --float_support=FPv4SPD16 -me -O1 --opt_for_speed=3 --include_path="C:/Users/johnm/realtime_embedded/ece3849_lab0_starter" --include_path="C:/ti/tirtos_tivac_2_16_01_14/products/TivaWare_C_Series-2.1.1.71b" --include_path="C:/ti/ccs930/ccs/tools/compiler/ti-cgt-arm_18.12.4.LTS/include" --define=ccs="ccs" --define=PART_TM4C1294NCPDT -g --gcc --diag_warning=225 --diag_wrap=off --display_error_number --abi=eabi --preproc_with_compile --preproc_dependency="Crystalfontz128x128_ST7735.d_raw"  "../Crystalfontz128x128_ST7735.c"
Finished building: "../Crystalfontz128x128_ST7735.c"
 
Building target: "ece3849_lab0_starter.out"
Invoking: ARM Linker
"C:/ti/ccs930/ccs/tools/compiler/ti-cgt-arm_18.12.4.LTS/bin/armcl" -mv7M4 --code_state=16 --float_support=FPv4SPD16 -me -O1 --opt_for_speed=3 --define=ccs="ccs" --define=PART_TM4C1294NCPDT -g --gcc --diag_warning=225 --diag_wrap=off --display_error_number --abi=eabi -z -m"ece3849_lab0_starter.map" --heap_size=0 --stack_size=2048 -i"C:/ti/ccs930/ccs/tools/compiler/ti-cgt-arm_18.12.4.LTS/lib" -i"C:/ti/ccs930/ccs/tools/compiler/ti-cgt-arm_18.12.4.LTS/include" --reread_libs --diag_wrap=off --display_error_number --warn_sections --xml_link_info="ece3849_lab0_starter_linkInfo.xml" --rom_model -o "ece3849_lab0_starter.out" "./Crystalfontz128x128_ST7735.obj" "./HAL_EK_TM4C1294XL_Crystalfontz128x128_ST7735.obj" "./buttons.obj" "./main.obj" "./sysctl_pll.obj" "./tm4c1294ncpdt_startup_ccs.obj" "../tm4c1294ncpdt.cmd"  -llibc.a -l"C:/ti/tirtos_tivac_2_16_01_14/products/TivaWare_C_Series-2.1.1.71b/grlib/ccs/Debug/grlib.lib" -l"C:/ti/tirtos_tivac_2_16_01_14/products/TivaWare_C_Series-2.1.1.71b/driverlib/ccs/Debug/driverlib.lib" 
<Linking>
Finished building target: "ece3849_lab0_starter.out"
 

**** Build Finished ****
